<?xml version="1.0" encoding="UTF-8"?>
<testsuite name="Login into saucedemo, add items to the shopping cart, remove products, and check the number of items in the cart." tests="4" skipped="0" failures="2" errors="0" timestamp="2025-11-15T19:28:11.123Z" hostname="DESKTOP-52I79BO" time="28.323">
  <properties/>
  <testcase name="Login into the Saucedemo store." classname="Login into saucedemo, add items to the shopping cart, remove products, and check the number of items in the cart." time="15.146"/>
  <testcase name="Add products to the shopping cart." classname="Login into saucedemo, add items to the shopping cart, remove products, and check the number of items in the cart." time="0.121">
    <failure message="io.cucumber.junit.UndefinedStepException: The step 'I am logged into the Saucedemo store' and 2 other step(s) are undefined.&#10;You can implement these steps using the snippet(s) below:&#10;&#10;@Given(&quot;I am logged into the Saucedemo store&quot;)&#10;public void iAmLoggedIntoTheSaucedemoStore() {&#10;    // Write code here that turns the phrase above into concrete actions&#10;    throw new io.cucumber.java.PendingException();&#10;}&#10;@When(&quot;I select a product to add to the cart&quot;)&#10;public void iSelectAProductToAddToTheCart() {&#10;    // Write code here that turns the phrase above into concrete actions&#10;    throw new io.cucumber.java.PendingException();&#10;}&#10;@Then(&quot;I can see the product in my shopping cart&quot;)&#10;public void iCanSeeTheProductInMyShoppingCart() {&#10;    // Write code here that turns the phrase above into concrete actions&#10;    throw new io.cucumber.java.PendingException();&#10;}&#10;" type="io.cucumber.junit.UndefinedStepException">io.cucumber.junit.UndefinedStepException: The step 'I am logged into the Saucedemo store' and 2 other step(s) are undefined.
You can implement these steps using the snippet(s) below:

@Given(&quot;I am logged into the Saucedemo store&quot;)
public void iAmLoggedIntoTheSaucedemoStore() {
    // Write code here that turns the phrase above into concrete actions
    throw new io.cucumber.java.PendingException();
}
@When(&quot;I select a product to add to the cart&quot;)
public void iSelectAProductToAddToTheCart() {
    // Write code here that turns the phrase above into concrete actions
    throw new io.cucumber.java.PendingException();
}
@Then(&quot;I can see the product in my shopping cart&quot;)
public void iCanSeeTheProductInMyShoppingCart() {
    // Write code here that turns the phrase above into concrete actions
    throw new io.cucumber.java.PendingException();
}

</failure>
  </testcase>
  <testcase name="Remove products from the shopping cart." classname="Login into saucedemo, add items to the shopping cart, remove products, and check the number of items in the cart." time="0.081">
    <failure message="io.cucumber.junit.UndefinedStepException: The step 'I have products in my shopping cart' and 2 other step(s) are undefined.&#10;You can implement these steps using the snippet(s) below:&#10;&#10;@Given(&quot;I have products in my shopping cart&quot;)&#10;public void iHaveProductsInMyShoppingCart() {&#10;    // Write code here that turns the phrase above into concrete actions&#10;    throw new io.cucumber.java.PendingException();&#10;}&#10;@When(&quot;I remove a product from the cart&quot;)&#10;public void iRemoveAProductFromTheCart() {&#10;    // Write code here that turns the phrase above into concrete actions&#10;    throw new io.cucumber.java.PendingException();&#10;}&#10;@Then(&quot;I can see that the product is no longer in my shopping cart&quot;)&#10;public void iCanSeeThatTheProductIsNoLongerInMyShoppingCart() {&#10;    // Write code here that turns the phrase above into concrete actions&#10;    throw new io.cucumber.java.PendingException();&#10;}&#10;" type="io.cucumber.junit.UndefinedStepException">io.cucumber.junit.UndefinedStepException: The step 'I have products in my shopping cart' and 2 other step(s) are undefined.
You can implement these steps using the snippet(s) below:

@Given(&quot;I have products in my shopping cart&quot;)
public void iHaveProductsInMyShoppingCart() {
    // Write code here that turns the phrase above into concrete actions
    throw new io.cucumber.java.PendingException();
}
@When(&quot;I remove a product from the cart&quot;)
public void iRemoveAProductFromTheCart() {
    // Write code here that turns the phrase above into concrete actions
    throw new io.cucumber.java.PendingException();
}
@Then(&quot;I can see that the product is no longer in my shopping cart&quot;)
public void iCanSeeThatTheProductIsNoLongerInMyShoppingCart() {
    // Write code here that turns the phrase above into concrete actions
    throw new io.cucumber.java.PendingException();
}

</failure>
  </testcase>
  <testcase name="Fail to login into the Saucedemo store due to invalid credentials." classname="Login into saucedemo, add items to the shopping cart, remove products, and check the number of items in the cart." time="12.971"/>
  <system-out><![CDATA[>>>>>>>>>>>>>>>>>>>>>>>>>>>>>>>>>>>>>>>>>>>>>>>>>>>> TEXTO EN PANTALLA: Products
>>>>>>>>>>>>>>>>>>>>>>>>>>>>>>>>>>>>>>>>>>>>>>>>>>>> TEXTO EN PANTALLA: Epic sadface: Username and password do not match any user in this service
]]></system-out>
  <system-err><![CDATA[[Test worker] INFO  - 
  _____   ___   ___   _____     ___   _____     _     ___   _____   ___   ___  
 |_   _| | __| / __| |_   _|   / __| |_   _|   /_\   | _ \ |_   _| | __| |   \ 
   | |   | _|  \__ \   | |     \__ \   | |    / _ \  |   /   | |   | _|  | |) |
   |_|   |___| |___/   |_|     |___/   |_|   /_/ \_\ |_|_\   |_|   |___| |___/ 

Login into the Saucedemo store.(login-into-saucedemo--add-items-to-the-shopping-cart--remove-products--and-check-the-number-of-items-in-the-cart.;login-into-the-saucedemo-store.)
--------------------------------------------------------------------------------
[Test worker] INFO net.serenitybdd.core.webdriver.driverproviders.ChromeDriverProvider - Starting Chrome driver instance with capabilities:
[Test worker] INFO net.serenitybdd.core.webdriver.driverproviders.ChromeDriverProvider - Capabilities {acceptInsecureCerts: true, browserName: chrome, goog:chromeOptions: {args: [--start-maximized, --test-type, --no-sandbox, --ignore-certificate-errors, \r\n                   --di..., --disable-default-apps, --disable-extensions-file-a..., \r\n                   --in..., --disable-infobars,--disabl..., --remote-allow-origins=*], extensions: []}}
nov 15, 2025 2:28:16 P.M. org.openqa.selenium.devtools.CdpVersionFinder findNearestMatch
WARNING: Unable to find CDP implementation matching 142
nov 15, 2025 2:28:16 P.M. org.openqa.selenium.chromium.ChromiumDriver lambda$new$5
WARNING: Unable to find version of CDP to use for 142.0.7444.61. You may need to include a dependency on a specific version of the CDP using something similar to `org.seleniumhq.selenium:selenium-devtools-v86:4.16.1` where the version ("v86") matches the version of the chromium-based browser you're using and the version number of the artifact is the same as Selenium's.
[Test worker] INFO  - ?[92m
  _____   ___   ___   _____     ___     _     ___   ___   ___   ___  
 |_   _| | __| / __| |_   _|   | _ \   /_\   / __| / __| | __| |   \ 
   | |   | _|  \__ \   | |     |  _/  / _ \  \__ \ \__ \ | _|  | |) |
   |_|   |___| |___/   |_|     |_|   /_/ \_\ |___/ |___/ |___| |___/ 

Login into the Saucedemo store.
----------------------------------------------------------------------?[0m
[Test worker] INFO  - 
  _____   ___   ___   _____     ___   _____     _     ___   _____   ___   ___  
 |_   _| | __| / __| |_   _|   / __| |_   _|   /_\   | _ \ |_   _| | __| |   \ 
   | |   | _|  \__ \   | |     \__ \   | |    / _ \  |   /   | |   | _|  | |) |
   |_|   |___| |___/   |_|     |___/   |_|   /_/ \_\ |_|_\   |_|   |___| |___/ 

Add products to the shopping cart.(login-into-saucedemo--add-items-to-the-shopping-cart--remove-products--and-check-the-number-of-items-in-the-cart.;add-products-to-the-shopping-cart.)
--------------------------------------------------------------------------------
[Test worker] INFO  - ?[96m
  _____   ___   ___   _____     ___   ___   _  _   ___    ___   _  _    ___ 
 |_   _| | __| / __| |_   _|   | _ \ | __| | \| | |   \  |_ _| | \| |  / __|
   | |   | _|  \__ \   | |     |  _/ | _|  | .` | | |) |  | |  | .` | | (_ |
   |_|   |___| |___/   |_|     |_|   |___| |_|\_| |___/  |___| |_|\_|  \___|

Add products to the shopping cart.
-----------------------------------------------------------------------------?[0m
[Test worker] INFO  - 
  _____   ___   ___   _____     ___   _____     _     ___   _____   ___   ___  
 |_   _| | __| / __| |_   _|   / __| |_   _|   /_\   | _ \ |_   _| | __| |   \ 
   | |   | _|  \__ \   | |     \__ \   | |    / _ \  |   /   | |   | _|  | |) |
   |_|   |___| |___/   |_|     |___/   |_|   /_/ \_\ |_|_\   |_|   |___| |___/ 

Remove products from the shopping cart.(login-into-saucedemo--add-items-to-the-shopping-cart--remove-products--and-check-the-number-of-items-in-the-cart.;remove-products-from-the-shopping-cart.)
--------------------------------------------------------------------------------
[Test worker] INFO  - ?[96m
  _____   ___   ___   _____     ___   ___   _  _   ___    ___   _  _    ___ 
 |_   _| | __| / __| |_   _|   | _ \ | __| | \| | |   \  |_ _| | \| |  / __|
   | |   | _|  \__ \   | |     |  _/ | _|  | .` | | |) |  | |  | .` | | (_ |
   |_|   |___| |___/   |_|     |_|   |___| |_|\_| |___/  |___| |_|\_|  \___|

Remove products from the shopping cart.
-----------------------------------------------------------------------------?[0m
[Test worker] INFO  - 
  _____   ___   ___   _____     ___   _____     _     ___   _____   ___   ___  
 |_   _| | __| / __| |_   _|   / __| |_   _|   /_\   | _ \ |_   _| | __| |   \ 
   | |   | _|  \__ \   | |     \__ \   | |    / _ \  |   /   | |   | _|  | |) |
   |_|   |___| |___/   |_|     |___/   |_|   /_/ \_\ |_|_\   |_|   |___| |___/ 

Fail to login into the Saucedemo store due to invalid credentials.(login-into-saucedemo--add-items-to-the-shopping-cart--remove-products--and-check-the-number-of-items-in-the-cart.;fail-to-login-into-the-saucedemo-store-due-to-invalid-credentials.)
--------------------------------------------------------------------------------
[Test worker] INFO  - ?[92m
  _____   ___   ___   _____     ___     _     ___   ___   ___   ___  
 |_   _| | __| / __| |_   _|   | _ \   /_\   / __| / __| | __| |   \ 
   | |   | _|  \__ \   | |     |  _/  / _ \  \__ \ \__ \ | _|  | |) |
   |_|   |___| |___/   |_|     |_|   /_/ \_\ |___/ |___/ |___| |___/ 

Fail to login into the Saucedemo store due to invalid credentials.
----------------------------------------------------------------------?[0m
]]></system-err>
</testsuite>
