<?xml version="1.0" encoding="UTF-8" standalone="no"?><testsuite errors="0" failures="0" name="Login into saucedemo, add items to the shopping cart, remove products, and check the number of items in the cart." skipped="4" tests="4" time="0.27" timestamp="2025-11-14 04:08:46"><testcase name="Login into the Saucedemo store."><skipped/></testcase><testcase name="Add products to the shopping cart."><skipped/></testcase><testcase name="Remove products from the shopping cart."><skipped/></testcase><testcase name="Fail to login into the Saucedemo store due to invalid credentials."><skipped/></testcase></testsuite>